<?xml version="1.0" encoding="UTF-8"?>
<!-- Generated by org.testng.reporters.JUnitReportReporter -->
<testsuite hostname="ATMECSINDT-080" failures="0" tests="9" name="com.atmecs.testscripts.scenario2.InsightBlogs" time="25.742" errors="0" timestamp="27 Sep 2019 06:27:50 GMT" skipped="0">
  <testcase classname="com.atmecs.testscripts.scenario2.InsightBlogs" name="setup" time="18.448"/>
  <testcase classname="com.atmecs.testscripts.scenario2.InsightBlogs" name="ClickOnInsights" time="0.301"/>
  <testcase classname="com.atmecs.testscripts.scenario2.InsightBlogs" name="ClickOnBlogs" time="2.249"/>
  <testcase classname="com.atmecs.testscripts.scenario2.InsightBlogs" name="ClickBlogImageLink" time="4.359"/>
  <testcase classname="com.atmecs.testscripts.scenario2.InsightBlogs" name="ValidateBreadcrumb" time="0.087"/>
  <testcase classname="com.atmecs.testscripts.scenario2.InsightBlogs" name="ValidateDate" time="0.029"/>
  <testcase classname="com.atmecs.testscripts.scenario2.InsightBlogs" name="ValidateContent" time="0.053"/>
  <testcase classname="com.atmecs.testscripts.scenario2.InsightBlogs" name="CLickOnPostComment" time="0.171"/>
  <testcase classname="com.atmecs.testscripts.scenario2.InsightBlogs" name="ValidateErrorMessage" time="0.045"/>
</testsuite> <!-- com.atmecs.testscripts.scenario2.InsightBlogs -->
