<?xml version="1.0" encoding="UTF-8"?>
<!-- Generated by org.testng.reporters.JUnitReportReporter -->
<testsuite hostname="ATMECSINDT-080" failures="0" tests="5" name="com.atmecs.testscripts.scenario1.ServicesContext" time="14.954" errors="0" timestamp="27 Sep 2019 11:35:19 GMT" skipped="0">
  <testcase classname="com.atmecs.testscripts.scenario1.ServicesContext" name="setup" time="5.285"/>
  <testcase classname="com.atmecs.testscripts.scenario1.ServicesContext" name="ClickOnServices" time="0.669"/>
  <testcase classname="com.atmecs.testscripts.scenario1.ServicesContext" name="ValidateDigitalLifeContext" time="4.522"/>
  <testcase classname="com.atmecs.testscripts.scenario1.ServicesContext" name="ClickServices" time="0.466"/>
  <testcase classname="com.atmecs.testscripts.scenario1.ServicesContext" name="ValidateInfrastructureServicesContext" time="4.012"/>
</testsuite> <!-- com.atmecs.testscripts.scenario1.ServicesContext -->
