<?xml version="1.0" encoding="UTF-8"?>
<!-- Generated by org.testng.reporters.JUnitReportReporter -->
<testsuite hostname="ATMECSINDT-080" failures="0" tests="14" name="com.atmecs.testscripts.scenario1.Insights" time="29.836" errors="0" timestamp="27 Sep 2019 12:10:35 GMT" skipped="0">
  <testcase classname="com.atmecs.testscripts.scenario1.Insights" name="setup" time="7.345"/>
  <testcase classname="com.atmecs.testscripts.scenario1.Insights" name="ClickOnHome" time="0.603"/>
  <testcase classname="com.atmecs.testscripts.scenario1.Insights" name="ValidateHomeFooter" time="0.792"/>
  <testcase classname="com.atmecs.testscripts.scenario1.Insights" name="ClickOnAboutUs" time="9.120"/>
  <testcase classname="com.atmecs.testscripts.scenario1.Insights" name="ValidateFooterAboutUs" time="0.701"/>
  <testcase classname="com.atmecs.testscripts.scenario1.Insights" name="ClickOnServices" time="0.428"/>
  <testcase classname="com.atmecs.testscripts.scenario1.Insights" name="ValidateFooterServices" time="0.725"/>
  <testcase classname="com.atmecs.testscripts.scenario1.Insights" name="ClickOnPartners" time="7.046"/>
  <testcase classname="com.atmecs.testscripts.scenario1.Insights" name="ValidateFooterPartners" time="0.671"/>
  <testcase classname="com.atmecs.testscripts.scenario1.Insights" name="ClickOnMedia" time="0.398"/>
  <testcase classname="com.atmecs.testscripts.scenario1.Insights" name="ValidateFooterMedia" time="0.764"/>
  <testcase classname="com.atmecs.testscripts.scenario1.Insights" name="ClickOnInsights" time="0.391"/>
  <testcase classname="com.atmecs.testscripts.scenario1.Insights" name="ValidateFooterInsights" time="0.849"/>
  <testcase classname="com.atmecs.testscripts.scenario1.Insights" name="DateDiff" time="0.003"/>
</testsuite> <!-- com.atmecs.testscripts.scenario1.Insights -->
