<?xml version="1.0" encoding="UTF-8"?>
<!-- Generated by org.testng.reporters.JUnitReportReporter -->
<testsuite hostname="ATMECSINDT-080" failures="0" tests="9" name="com.atmecs.testscripts.scenario2.InsightBlogs" time="20.398" errors="0" timestamp="2019-09-27T17:07:23 IST" skipped="0">
  <testcase classname="com.atmecs.testscripts.scenario2.InsightBlogs" name="setup" time="5.107"/>
  <testcase classname="com.atmecs.testscripts.scenario2.InsightBlogs" name="ClickOnInsights" time="0.735"/>
  <testcase classname="com.atmecs.testscripts.scenario2.InsightBlogs" name="ClickOnBlogs" time="0.615"/>
  <testcase classname="com.atmecs.testscripts.scenario2.InsightBlogs" name="ClickBlogImageLink" time="12.039"/>
  <testcase classname="com.atmecs.testscripts.scenario2.InsightBlogs" name="ValidateBreadcrumb" time="0.373"/>
  <testcase classname="com.atmecs.testscripts.scenario2.InsightBlogs" name="ValidateDate" time="0.178"/>
  <testcase classname="com.atmecs.testscripts.scenario2.InsightBlogs" name="ValidateContent" time="0.161"/>
  <testcase classname="com.atmecs.testscripts.scenario2.InsightBlogs" name="CLickOnPostComment" time="1.013"/>
  <testcase classname="com.atmecs.testscripts.scenario2.InsightBlogs" name="ValidateErrorMessage" time="0.177"/>
</testsuite> <!-- com.atmecs.testscripts.scenario2.InsightBlogs -->
